# JRE version: Java(TM) SE Runtime Environment (14.0.1+7) (build 14.0.1+7)
# Java VM: Java HotSpot(TM) 64-Bit Server VM (14.0.1+7, mixed mode, sharing, tiered, compressed oops, g1 gc, windows-amd64)
Heap:
 garbage-first heap   total 147456K, used 27282K [0x0000000709400000, 0x0000000800000000)
  region size 1024K, 19 young (19456K), 1 survivors (1024K)
 Metaspace       used 23588K, capacity 24066K, committed 24192K, reserved 1071104K
  class space    used 2517K, capacity 2684K, committed 2688K, reserved 1048576K
GC Heap History (20 events):
Event: 2.789 GC heap before
{Heap before GC invocations=10 (full 0):
 garbage-first heap   total 40960K, used 32199K [0x0000000709400000, 0x0000000800000000)
  region size 1024K, 23 young (23552K), 1 survivors (1024K)
 Metaspace       used 21213K, capacity 21674K, committed 21760K, reserved 1069056K
  class space    used 2383K, capacity 2548K, committed 2560K, reserved 1048576K
}
Event: 2.790 GC heap after
{Heap after GC invocations=11 (full 0):
 garbage-first heap   total 40960K, used 9666K [0x0000000709400000, 0x0000000800000000)
  region size 1024K, 1 young (1024K), 1 survivors (1024K)
 Metaspace       used 21213K, capacity 21674K, committed 21760K, reserved 1069056K
  class space    used 2383K, capacity 2548K, committed 2560K, reserved 1048576K
}
Event: 2.821 GC heap before
{Heap before GC invocations=11 (full 0):
 garbage-first heap   total 40960K, used 33218K [0x0000000709400000, 0x0000000800000000)
  region size 1024K, 24 young (24576K), 1 survivors (1024K)
 Metaspace       used 21213K, capacity 21674K, committed 21760K, reserved 1069056K
  class space    used 2383K, capacity 2548K, committed 2560K, reserved 1048576K
}
Event: 2.822 GC heap after
{Heap after GC invocations=12 (full 0):
 garbage-first heap   total 40960K, used 9671K [0x0000000709400000, 0x0000000800000000)
  region size 1024K, 1 young (1024K), 1 survivors (1024K)
 Metaspace       used 21213K, capacity 21674K, committed 21760K, reserved 1069056K
  class space    used 2383K, capacity 2548K, committed 2560K, reserved 1048576K
}
Event: 2.849 GC heap before
{Heap before GC invocations=12 (full 0):
 garbage-first heap   total 40960K, used 33223K [0x0000000709400000, 0x0000000800000000)
  region size 1024K, 24 young (24576K), 1 survivors (1024K)
 Metaspace       used 21216K, capacity 21674K, committed 21760K, reserved 1069056K
  class space    used 2383K, capacity 2548K, committed 2560K, reserved 1048576K
}
Event: 2.849 GC heap after
{Heap after GC invocations=13 (full 0):
 garbage-first heap   total 40960K, used 9669K [0x0000000709400000, 0x0000000800000000)
  region size 1024K, 1 young (1024K), 1 survivors (1024K)
 Metaspace       used 21216K, capacity 21674K, committed 21760K, reserved 1069056K
  class space    used 2383K, capacity 2548K, committed 2560K, reserved 1048576K
}
Event: 2.876 GC heap before
{Heap before GC invocations=13 (full 0):
 garbage-first heap   total 40960K, used 33221K [0x0000000709400000, 0x0000000800000000)
  region size 1024K, 24 young (24576K), 1 survivors (1024K)
 Metaspace       used 21216K, capacity 21674K, committed 21760K, reserved 1069056K
  class space    used 2383K, capacity 2548K, committed 2560K, reserved 1048576K
}
Event: 2.877 GC heap after
{Heap after GC invocations=14 (full 0):
 garbage-first heap   total 40960K, used 9676K [0x0000000709400000, 0x0000000800000000)
  region size 1024K, 1 young (1024K), 1 survivors (1024K)
 Metaspace       used 21216K, capacity 21674K, committed 21760K, reserved 1069056K
  class space    used 2383K, capacity 2548K, committed 2560K, reserved 1048576K
}
Event: 2.905 GC heap before
{Heap before GC invocations=14 (full 0):
 garbage-first heap   total 40960K, used 33228K [0x0000000709400000, 0x0000000800000000)
  region size 1024K, 24 young (24576K), 1 survivors (1024K)
 Metaspace       used 21216K, capacity 21674K, committed 21760K, reserved 1069056K
  class space    used 2383K, capacity 2548K, committed 2560K, reserved 1048576K
}
Event: 2.905 GC heap after
{Heap after GC invocations=15 (full 0):
 garbage-first heap   total 40960K, used 9680K [0x0000000709400000, 0x0000000800000000)
  region size 1024K, 1 young (1024K), 1 survivors (1024K)
 Metaspace       used 21216K, capacity 21674K, committed 21760K, reserved 1069056K
  class space    used 2383K, capacity 2548K, committed 2560K, reserved 1048576K
}
Event: 2.928 GC heap before
{Heap before GC invocations=15 (full 0):
 garbage-first heap   total 40960K, used 33232K [0x0000000709400000, 0x0000000800000000)
  region size 1024K, 24 young (24576K), 1 survivors (1024K)
 Metaspace       used 21216K, capacity 21674K, committed 21760K, reserved 1069056K
  class space    used 2383K, capacity 2548K, committed 2560K, reserved 1048576K
}
Event: 2.929 GC heap after
{Heap after GC invocations=16 (full 0):
 garbage-first heap   total 40960K, used 9684K [0x0000000709400000, 0x0000000800000000)
  region size 1024K, 1 young (1024K), 1 survivors (1024K)
 Metaspace       used 21216K, capacity 21674K, committed 21760K, reserved 1069056K
  class space    used 2383K, capacity 2548K, committed 2560K, reserved 1048576K
}
Event: 2.956 GC heap before
{Heap before GC invocations=16 (full 0):
 garbage-first heap   total 40960K, used 33236K [0x0000000709400000, 0x0000000800000000)
  region size 1024K, 24 young (24576K), 1 survivors (1024K)
 Metaspace       used 21216K, capacity 21674K, committed 21760K, reserved 1069056K
  class space    used 2383K, capacity 2548K, committed 2560K, reserved 1048576K
}
Event: 2.957 GC heap after
{Heap after GC invocations=17 (full 0):
 garbage-first heap   total 40960K, used 9684K [0x0000000709400000, 0x0000000800000000)
  region size 1024K, 1 young (1024K), 1 survivors (1024K)
 Metaspace       used 21216K, capacity 21674K, committed 21760K, reserved 1069056K
  class space    used 2383K, capacity 2548K, committed 2560K, reserved 1048576K
}
Event: 2.984 GC heap before
{Heap before GC invocations=17 (full 0):
 garbage-first heap   total 40960K, used 33236K [0x0000000709400000, 0x0000000800000000)
  region size 1024K, 24 young (24576K), 1 survivors (1024K)
 Metaspace       used 21218K, capacity 21674K, committed 21760K, reserved 1069056K
  class space    used 2383K, capacity 2548K, committed 2560K, reserved 1048576K
}
Event: 2.985 GC heap after
{Heap after GC invocations=18 (full 0):
 garbage-first heap   total 40960K, used 9685K [0x0000000709400000, 0x0000000800000000)
  region size 1024K, 1 young (1024K), 1 survivors (1024K)
 Metaspace       used 21218K, capacity 21674K, committed 21760K, reserved 1069056K
  class space    used 2383K, capacity 2548K, committed 2560K, reserved 1048576K
}
Event: 3.013 GC heap before
{Heap before GC invocations=18 (full 0):
 garbage-first heap   total 40960K, used 33237K [0x0000000709400000, 0x0000000800000000)
  region size 1024K, 24 young (24576K), 1 survivors (1024K)
 Metaspace       used 21218K, capacity 21674K, committed 21760K, reserved 1069056K
  class space    used 2383K, capacity 2548K, committed 2560K, reserved 1048576K
}
Event: 3.014 GC heap after
{Heap after GC invocations=19 (full 0):
 garbage-first heap   total 147456K, used 9688K [0x0000000709400000, 0x0000000800000000)
  region size 1024K, 1 young (1024K), 1 survivors (1024K)
 Metaspace       used 21218K, capacity 21674K, committed 21760K, reserved 1069056K
  class space    used 2383K, capacity 2548K, committed 2560K, reserved 1048576K
}
Event: 3.333 GC heap before
{Heap before GC invocations=19 (full 0):
 garbage-first heap   total 147456K, used 96728K [0x0000000709400000, 0x0000000800000000)
  region size 1024K, 86 young (88064K), 1 survivors (1024K)
 Metaspace       used 23277K, capacity 23696K, committed 23936K, reserved 1071104K
  class space    used 2470K, capacity 2645K, committed 2688K, reserved 1048576K
}
Event: 3.334 GC heap after
{Heap after GC invocations=20 (full 0):
 garbage-first heap   total 147456K, used 9874K [0x0000000709400000, 0x0000000800000000)
  region size 1024K, 1 young (1024K), 1 survivors (1024K)
 Metaspace       used 23277K, capacity 23696K, committed 23936K, reserved 1071104K
  class space    used 2470K, capacity 2645K, committed 2688K, reserved 1048576K
}

